[2026-04-21 00:14:39] [INFO    ] [os_agent] 启动 OS 智能代理应用程序
[2026-04-21 00:14:40] [INFO    ] [os_agent] 成功加载 6 个对话会话
[2026-04-21 00:14:40] [INFO    ] [os_agent] 开始检测远程连接: 124.222.119.109:22 用户=ubuntu
[2026-04-21 00:14:40] [INFO    ] [os_agent] 远程连接 [成功] - 主机: 124.222.119.109:22, 用户: ubuntu
[2026-04-21 00:14:41] [INFO    ] [os_agent] 命令执行 [成功] - 类型: 远程, 命令: cat /etc/os-release
[2026-04-21 00:14:41] [INFO    ] [os_agent] 远程连接检测结果: 已连接
[2026-04-21 00:14:41] [INFO    ] [os_agent] 远程连接 [成功] - 主机: 124.222.119.109:22, 用户: ubuntu
[2026-04-21 00:14:41] [INFO    ] [os_agent] 聊天窗口初始化完成
[2026-04-21 00:14:53] [INFO    ] [os_agent] 开始后台处理请求: confirmed=False
[2026-04-21 00:14:53] [INFO    ] [os_agent] 处理用户请求: 创建一个简单的python实现的加法程序，并运行它，你自己输入样例并告诉我结果
[2026-04-21 00:14:53] [INFO    ] [os_agent] 远程连接 [成功] - 主机: 124.222.119.109:22, 用户: ubuntu
[2026-04-21 00:14:54] [INFO    ] [os_agent] 命令执行 [成功] - 类型: 远程, 命令: cat /etc/os-release
[2026-04-21 00:15:00] [INFO    ] [os_agent] 意图规划完成: intent=generic_shell, command=cat > add.py << 'EOF'
#!/usr/bin/env python3
def main():
try:
a = float(input("Enter first number: "))
b = float(input("Enter second number: "))
result = a + b
print(f"The sum of {a} and {b} is: {result}")
except ValueError:
print("Invalid input. Please enter numeric values.")
if __name__ == "__main__":
main()
EOF
python3 add.py << 'EOF'
12.5
7.3
EOF
[2026-04-21 00:15:00] [INFO    ] [os_agent] 风险评估完成: level=low, blocked=False
[2026-04-21 00:15:00] [INFO    ] [os_agent] 开始执行命令: cat > add.py << 'EOF'
#!/usr/bin/env python3
def main():
try:
a = float(input("Enter first number: "))
b = float(input("Enter second number: "))
result = a + b
print(f"The sum of {a} and {b} is: {result}")
except ValueError:
print("Invalid input. Please enter numeric values.")
if __name__ == "__main__":
main()
EOF
python3 add.py << 'EOF'
12.5
7.3
EOF
[2026-04-21 00:15:00] [INFO    ] [os_agent] 远程连接 [成功] - 主机: 124.222.119.109:22, 用户: ubuntu
[2026-04-21 00:15:00] [WARNING ] [os_agent] 命令执行 [失败] - 类型: 远程, 命令: cat > add.py << 'EOF'
#!/usr/bin/env python3
def main():
try:
a = float(input("Enter first number: "))
b = float(input("Enter second number: "))
result = a + b
print(f"The sum of {a} and {b} is: {result}")
except ValueError:
print("Invalid input. Please enter numeric values.")
if __name__ == "__main__":
main()
EOF
python3 add.py << 'EOF'
12.5
7.3
EOF, 返回码: 1, 错误:   File "/home/ubuntu/add.py", line 3
    try:
    ^
IndentationError: expected an indented block aft
[2026-04-21 00:15:00] [INFO    ] [os_agent] 命令执行完成: return_code=1, stdout_len=0, stderr_len=133
[2026-04-21 00:15:07] [INFO    ] [os_agent] 用户请求处理完成
[2026-04-21 00:15:07] [INFO    ] [os_agent] 后台处理完成: confirmed=False
[2026-04-21 00:15:18] [INFO    ] [os_agent] 开始后台处理请求: confirmed=False
[2026-04-21 00:15:18] [INFO    ] [os_agent] 处理用户请求: 请先根据报错信息修复问题后，再重试：创建一个简单的python实现的加法程序，并运行它，你自己输入样例并告诉我结果
[2026-04-21 00:15:18] [INFO    ] [os_agent] 远程连接 [成功] - 主机: 124.222.119.109:22, 用户: ubuntu
[2026-04-21 00:15:18] [INFO    ] [os_agent] 命令执行 [成功] - 类型: 远程, 命令: cat /etc/os-release
[2026-04-21 00:15:24] [INFO    ] [os_agent] 意图规划完成: intent=generic_shell, command=cat > add.py << 'EOF'
#!/usr/bin/env python3
def main():
try:
a = float(input("Enter first number: "))
b = float(input("Enter second number: "))
result = a + b
print(f"The sum of {a} and {b} is: {result}")
except ValueError:
print("Invalid input. Please enter numeric values.")
if __name__ == "__main__":
main()
EOF
printf "12.5\n7.3\n" | python3 add.py
[2026-04-21 00:15:24] [INFO    ] [os_agent] 风险评估完成: level=low, blocked=False
[2026-04-21 00:15:24] [INFO    ] [os_agent] 开始执行命令: cat > add.py << 'EOF'
#!/usr/bin/env python3
def main():
try:
a = float(input("Enter first number: "))
b = float(input("Enter second number: "))
result = a + b
print(f"The sum of {a} and {b} is: {result}")
except ValueError:
print("Invalid input. Please enter numeric values.")
if __name__ == "__main__":
main()
EOF
printf "12.5\n7.3\n" | python3 add.py
[2026-04-21 00:15:24] [INFO    ] [os_agent] 远程连接 [成功] - 主机: 124.222.119.109:22, 用户: ubuntu
[2026-04-21 00:15:25] [WARNING ] [os_agent] 命令执行 [失败] - 类型: 远程, 命令: cat > add.py << 'EOF'
#!/usr/bin/env python3
def main():
try:
a = float(input("Enter first number: "))
b = float(input("Enter second number: "))
result = a + b
print(f"The sum of {a} and {b} is: {result}")
except ValueError:
print("Invalid input. Please enter numeric values.")
if __name__ == "__main__":
main()
EOF
printf "12.5\n7.3\n" | python3 add.py, 返回码: 1, 错误:   File "/home/ubuntu/add.py", line 3
    try:
    ^
IndentationError: expected an indented block aft
[2026-04-21 00:15:25] [INFO    ] [os_agent] 命令执行完成: return_code=1, stdout_len=0, stderr_len=133
[2026-04-21 00:15:35] [INFO    ] [os_agent] 用户请求处理完成
[2026-04-21 00:15:35] [INFO    ] [os_agent] 后台处理完成: confirmed=False
[2026-04-21 00:18:42] [INFO    ] [os_agent] 启动 OS 智能代理应用程序
[2026-04-21 00:18:43] [INFO    ] [os_agent] 成功加载 7 个对话会话
[2026-04-21 00:18:43] [INFO    ] [os_agent] 开始检测远程连接: 124.222.119.109:22 用户=ubuntu
[2026-04-21 00:18:43] [INFO    ] [os_agent] 远程连接 [成功] - 主机: 124.222.119.109:22, 用户: ubuntu
[2026-04-21 00:18:44] [INFO    ] [os_agent] 命令执行 [成功] - 类型: 远程, 命令: cat /etc/os-release
[2026-04-21 00:18:44] [INFO    ] [os_agent] 远程连接检测结果: 已连接
[2026-04-21 00:18:44] [INFO    ] [os_agent] 远程连接 [成功] - 主机: 124.222.119.109:22, 用户: ubuntu
[2026-04-21 00:18:44] [INFO    ] [os_agent] 聊天窗口初始化完成
[2026-04-21 00:19:56] [INFO    ] [os_agent] 开始后台处理请求: confirmed=False
[2026-04-21 00:19:56] [INFO    ] [os_agent] 处理用户请求: 列出当前文件夹下的文件
[2026-04-21 00:19:56] [INFO    ] [os_agent] 远程连接 [成功] - 主机: 124.222.119.109:22, 用户: ubuntu
[2026-04-21 00:19:57] [INFO    ] [os_agent] 命令执行 [成功] - 类型: 远程, 命令: cat /etc/os-release
[2026-04-21 00:19:58] [INFO    ] [os_agent] 意图规划完成: intent=generic_shell, command=ls -la
[2026-04-21 00:19:58] [INFO    ] [os_agent] 风险评估完成: level=low, blocked=False
[2026-04-21 00:19:58] [INFO    ] [os_agent] 开始执行命令: ls -la
[2026-04-21 00:19:59] [INFO    ] [os_agent] 远程连接 [成功] - 主机: 124.222.119.109:22, 用户: ubuntu
[2026-04-21 00:19:59] [INFO    ] [os_agent] 命令执行 [成功] - 类型: 远程, 命令: ls -la
[2026-04-21 00:19:59] [INFO    ] [os_agent] 命令执行完成: return_code=0, stdout_len=954, stderr_len=0
[2026-04-21 00:20:09] [INFO    ] [os_agent] 用户请求处理完成
[2026-04-21 00:20:09] [INFO    ] [os_agent] 后台处理完成: confirmed=False
[2026-04-21 00:20:38] [INFO    ] [os_agent] 开始后台处理请求: confirmed=False
[2026-04-21 00:20:38] [INFO    ] [os_agent] 处理用户请求: 我要查看aa.py里面的内容
[2026-04-21 00:20:38] [INFO    ] [os_agent] 远程连接 [成功] - 主机: 124.222.119.109:22, 用户: ubuntu
[2026-04-21 00:20:39] [INFO    ] [os_agent] 命令执行 [成功] - 类型: 远程, 命令: cat /etc/os-release
[2026-04-21 00:20:40] [INFO    ] [os_agent] 意图规划完成: intent=generic_shell, command=cat aa.py
[2026-04-21 00:20:40] [INFO    ] [os_agent] 风险评估完成: level=low, blocked=False
[2026-04-21 00:20:40] [INFO    ] [os_agent] 开始执行命令: cat aa.py
[2026-04-21 00:20:41] [INFO    ] [os_agent] 远程连接 [成功] - 主机: 124.222.119.109:22, 用户: ubuntu
[2026-04-21 00:20:41] [WARNING ] [os_agent] 命令执行 [失败] - 类型: 远程, 命令: cat aa.py, 返回码: 1, 错误: cat: aa.py: No such file or directory

[2026-04-21 00:20:41] [INFO    ] [os_agent] 命令执行完成: return_code=1, stdout_len=0, stderr_len=38
[2026-04-21 00:20:44] [INFO    ] [os_agent] 用户请求处理完成
[2026-04-21 00:20:44] [INFO    ] [os_agent] 后台处理完成: confirmed=False
[2026-04-21 00:21:03] [INFO    ] [os_agent] 开始后台处理请求: confirmed=False
[2026-04-21 00:21:03] [INFO    ] [os_agent] 处理用户请求: 我要查看add.py里面的内容
[2026-04-21 00:21:03] [INFO    ] [os_agent] 远程连接 [成功] - 主机: 124.222.119.109:22, 用户: ubuntu
[2026-04-21 00:21:04] [INFO    ] [os_agent] 命令执行 [成功] - 类型: 远程, 命令: cat /etc/os-release
[2026-04-21 00:21:06] [INFO    ] [os_agent] 意图规划完成: intent=generic_shell, command=cat add.py
[2026-04-21 00:21:06] [INFO    ] [os_agent] 风险评估完成: level=low, blocked=False
[2026-04-21 00:21:06] [INFO    ] [os_agent] 开始执行命令: cat add.py
[2026-04-21 00:21:06] [INFO    ] [os_agent] 远程连接 [成功] - 主机: 124.222.119.109:22, 用户: ubuntu
[2026-04-21 00:21:06] [INFO    ] [os_agent] 命令执行 [成功] - 类型: 远程, 命令: cat add.py
[2026-04-21 00:21:06] [INFO    ] [os_agent] 命令执行完成: return_code=0, stdout_len=290, stderr_len=0
[2026-04-21 00:21:11] [INFO    ] [os_agent] 用户请求处理完成
[2026-04-21 00:21:12] [INFO    ] [os_agent] 后台处理完成: confirmed=False
[2026-04-21 00:21:32] [INFO    ] [os_agent] 开始后台处理请求: confirmed=False
[2026-04-21 00:21:32] [INFO    ] [os_agent] 处理用户请求: 能不能把他的内容显示出来
[2026-04-21 00:21:33] [INFO    ] [os_agent] 远程连接 [成功] - 主机: 124.222.119.109:22, 用户: ubuntu
[2026-04-21 00:21:33] [INFO    ] [os_agent] 命令执行 [成功] - 类型: 远程, 命令: cat /etc/os-release
[2026-04-21 00:21:35] [INFO    ] [os_agent] 意图规划完成: intent=generic_shell, command=cat aa.py
[2026-04-21 00:21:35] [INFO    ] [os_agent] 风险评估完成: level=low, blocked=False
[2026-04-21 00:21:35] [INFO    ] [os_agent] 开始执行命令: cat aa.py
[2026-04-21 00:21:35] [INFO    ] [os_agent] 远程连接 [成功] - 主机: 124.222.119.109:22, 用户: ubuntu
[2026-04-21 00:21:35] [WARNING ] [os_agent] 命令执行 [失败] - 类型: 远程, 命令: cat aa.py, 返回码: 1, 错误: cat: aa.py: No such file or directory

[2026-04-21 00:21:35] [INFO    ] [os_agent] 命令执行完成: return_code=1, stdout_len=0, stderr_len=38
[2026-04-21 00:21:38] [INFO    ] [os_agent] 用户请求处理完成
[2026-04-21 00:21:38] [INFO    ] [os_agent] 后台处理完成: confirmed=False
[2026-04-21 00:21:51] [INFO    ] [os_agent] 开始后台处理请求: confirmed=False
[2026-04-21 00:21:51] [INFO    ] [os_agent] 处理用户请求: 能不能把add.py的内容显示出来
[2026-04-21 00:21:52] [INFO    ] [os_agent] 远程连接 [成功] - 主机: 124.222.119.109:22, 用户: ubuntu
[2026-04-21 00:21:52] [INFO    ] [os_agent] 命令执行 [成功] - 类型: 远程, 命令: cat /etc/os-release
[2026-04-21 00:21:54] [INFO    ] [os_agent] 意图规划完成: intent=generic_shell, command=cat add.py
[2026-04-21 00:21:54] [INFO    ] [os_agent] 风险评估完成: level=low, blocked=False
[2026-04-21 00:21:54] [INFO    ] [os_agent] 开始执行命令: cat add.py
[2026-04-21 00:21:54] [INFO    ] [os_agent] 远程连接 [成功] - 主机: 124.222.119.109:22, 用户: ubuntu
[2026-04-21 00:21:54] [INFO    ] [os_agent] 命令执行 [成功] - 类型: 远程, 命令: cat add.py
[2026-04-21 00:21:54] [INFO    ] [os_agent] 命令执行完成: return_code=0, stdout_len=290, stderr_len=0
[2026-04-21 00:21:59] [INFO    ] [os_agent] 用户请求处理完成
[2026-04-21 00:21:59] [INFO    ] [os_agent] 后台处理完成: confirmed=False
[2026-04-21 00:23:18] [INFO    ] [os_agent] 开始后台处理请求: confirmed=False
[2026-04-21 00:23:18] [INFO    ] [os_agent] 处理用户请求: 把里面的内容呈现出来
[2026-04-21 00:23:18] [INFO    ] [os_agent] 远程连接 [成功] - 主机: 124.222.119.109:22, 用户: ubuntu
[2026-04-21 00:23:19] [INFO    ] [os_agent] 命令执行 [成功] - 类型: 远程, 命令: cat /etc/os-release
[2026-04-21 00:23:21] [INFO    ] [os_agent] 意图规划完成: intent=generic_shell, command=cat aa.py
[2026-04-21 00:23:21] [INFO    ] [os_agent] 风险评估完成: level=low, blocked=False
[2026-04-21 00:23:21] [INFO    ] [os_agent] 开始执行命令: cat aa.py
[2026-04-21 00:23:21] [INFO    ] [os_agent] 远程连接 [成功] - 主机: 124.222.119.109:22, 用户: ubuntu
[2026-04-21 00:23:21] [WARNING ] [os_agent] 命令执行 [失败] - 类型: 远程, 命令: cat aa.py, 返回码: 1, 错误: cat: aa.py: No such file or directory

[2026-04-21 00:23:21] [INFO    ] [os_agent] 命令执行完成: return_code=1, stdout_len=0, stderr_len=38
[2026-04-21 00:23:25] [INFO    ] [os_agent] 用户请求处理完成
[2026-04-21 00:23:25] [INFO    ] [os_agent] 后台处理完成: confirmed=False
[2026-04-21 00:23:34] [INFO    ] [os_agent] 开始后台处理请求: confirmed=False
[2026-04-21 00:23:34] [INFO    ] [os_agent] 处理用户请求: 是add.py
[2026-04-21 00:23:35] [INFO    ] [os_agent] 远程连接 [成功] - 主机: 124.222.119.109:22, 用户: ubuntu
[2026-04-21 00:23:35] [INFO    ] [os_agent] 命令执行 [成功] - 类型: 远程, 命令: cat /etc/os-release
[2026-04-21 00:23:37] [INFO    ] [os_agent] 意图规划完成: intent=generic_shell, command=cat add.py
[2026-04-21 00:23:37] [INFO    ] [os_agent] 风险评估完成: level=low, blocked=False
[2026-04-21 00:23:37] [INFO    ] [os_agent] 开始执行命令: cat add.py
[2026-04-21 00:23:37] [INFO    ] [os_agent] 远程连接 [成功] - 主机: 124.222.119.109:22, 用户: ubuntu
[2026-04-21 00:23:37] [INFO    ] [os_agent] 命令执行 [成功] - 类型: 远程, 命令: cat add.py
[2026-04-21 00:23:37] [INFO    ] [os_agent] 命令执行完成: return_code=0, stdout_len=290, stderr_len=0
[2026-04-21 00:23:41] [INFO    ] [os_agent] 用户请求处理完成
[2026-04-21 00:23:41] [INFO    ] [os_agent] 后台处理完成: confirmed=False
[2026-04-21 00:23:57] [INFO    ] [os_agent] 启动 OS 智能代理应用程序
[2026-04-21 00:23:58] [INFO    ] [os_agent] 成功加载 8 个对话会话
[2026-04-21 00:23:58] [INFO    ] [os_agent] 开始检测远程连接: 124.222.119.109:22 用户=ubuntu
[2026-04-21 00:23:58] [INFO    ] [os_agent] 远程连接 [成功] - 主机: 124.222.119.109:22, 用户: ubuntu
[2026-04-21 00:23:58] [INFO    ] [os_agent] 命令执行 [成功] - 类型: 远程, 命令: cat /etc/os-release
[2026-04-21 00:23:58] [INFO    ] [os_agent] 远程连接检测结果: 已连接
[2026-04-21 00:23:58] [INFO    ] [os_agent] 远程连接 [成功] - 主机: 124.222.119.109:22, 用户: ubuntu
[2026-04-21 00:23:58] [INFO    ] [os_agent] 聊天窗口初始化完成
[2026-04-21 00:30:04] [INFO    ] [os_agent] 启动 OS 智能代理应用程序
[2026-04-21 00:30:05] [INFO    ] [os_agent] 成功加载 8 个对话会话
[2026-04-21 00:30:05] [INFO    ] [os_agent] 开始检测远程连接: 124.222.119.109:22 用户=ubuntu
[2026-04-21 00:30:05] [INFO    ] [os_agent] 远程连接 [成功] - 主机: 124.222.119.109:22, 用户: ubuntu
[2026-04-21 00:30:06] [INFO    ] [os_agent] 命令执行 [成功] - 类型: 远程, 命令: cat /etc/os-release
[2026-04-21 00:30:06] [INFO    ] [os_agent] 远程连接检测结果: 已连接
[2026-04-21 00:30:06] [INFO    ] [os_agent] 远程连接 [成功] - 主机: 124.222.119.109:22, 用户: ubuntu
[2026-04-21 00:30:06] [INFO    ] [os_agent] 聊天窗口初始化完成
[2026-04-21 00:39:46] [INFO    ] [os_agent] 启动 OS 智能代理应用程序
[2026-04-21 00:39:47] [INFO    ] [os_agent] 成功加载 8 个对话会话
[2026-04-21 00:39:47] [INFO    ] [os_agent] 开始检测远程连接: 124.222.119.109:22 用户=ubuntu
[2026-04-21 00:39:48] [INFO    ] [os_agent] 远程连接 [成功] - 主机: 124.222.119.109:22, 用户: ubuntu
[2026-04-21 00:39:48] [INFO    ] [os_agent] 命令执行 [成功] - 类型: 远程, 命令: cat /etc/os-release
[2026-04-21 00:39:48] [INFO    ] [os_agent] 远程连接检测结果: 已连接
[2026-04-21 00:39:48] [INFO    ] [os_agent] 远程连接 [成功] - 主机: 124.222.119.109:22, 用户: ubuntu
[2026-04-21 00:39:48] [INFO    ] [os_agent] 聊天窗口初始化完成
[2026-04-21 00:44:36] [INFO    ] [os_agent] 启动 OS 智能代理应用程序
[2026-04-21 00:44:37] [INFO    ] [os_agent] 成功加载 8 个对话会话
[2026-04-21 00:44:37] [INFO    ] [os_agent] 开始检测远程连接: 124.222.119.109:22 用户=ubuntu
[2026-04-21 00:44:37] [INFO    ] [os_agent] 远程连接 [成功] - 主机: 124.222.119.109:22, 用户: ubuntu
[2026-04-21 00:44:37] [INFO    ] [os_agent] 命令执行 [成功] - 类型: 远程, 命令: cat /etc/os-release
[2026-04-21 00:44:37] [INFO    ] [os_agent] 远程连接检测结果: 已连接
[2026-04-21 00:44:37] [INFO    ] [os_agent] 远程连接 [成功] - 主机: 124.222.119.109:22, 用户: ubuntu
[2026-04-21 00:44:37] [INFO    ] [os_agent] 聊天窗口初始化完成
[2026-04-21 00:44:59] [INFO    ] [os_agent] 开始后台处理请求: confirmed=False
[2026-04-21 00:44:59] [INFO    ] [os_agent] 处理用户请求: 查看add.py的内容
[2026-04-21 00:44:59] [INFO    ] [os_agent] 远程连接 [成功] - 主机: 124.222.119.109:22, 用户: ubuntu
[2026-04-21 00:44:59] [INFO    ] [os_agent] 命令执行 [成功] - 类型: 远程, 命令: cat /etc/os-release
[2026-04-21 00:45:01] [INFO    ] [os_agent] 意图规划完成: intent=generic_shell, command=cat add.py
[2026-04-21 00:45:01] [INFO    ] [os_agent] 风险评估完成: level=low, blocked=False
[2026-04-21 00:45:01] [INFO    ] [os_agent] 开始执行命令: cat add.py
[2026-04-21 00:45:01] [INFO    ] [os_agent] 远程连接 [成功] - 主机: 124.222.119.109:22, 用户: ubuntu
[2026-04-21 00:45:02] [INFO    ] [os_agent] 命令执行 [成功] - 类型: 远程, 命令: cat add.py
[2026-04-21 00:45:02] [INFO    ] [os_agent] 命令执行完成: return_code=0, stdout_len=290, stderr_len=0
[2026-04-21 00:45:08] [INFO    ] [os_agent] 用户请求处理完成
[2026-04-21 00:45:08] [INFO    ] [os_agent] 后台处理完成: confirmed=False
[2026-04-21 00:46:10] [INFO    ] [os_agent] 开始后台处理请求: confirmed=False
[2026-04-21 00:46:10] [INFO    ] [os_agent] 处理用户请求: 查看22.txt
[2026-04-21 00:46:11] [INFO    ] [os_agent] 远程连接 [成功] - 主机: 124.222.119.109:22, 用户: ubuntu
[2026-04-21 00:46:11] [INFO    ] [os_agent] 命令执行 [成功] - 类型: 远程, 命令: cat /etc/os-release
[2026-04-21 00:46:13] [INFO    ] [os_agent] 意图规划完成: intent=generic_shell, command=cat 22.txt
[2026-04-21 00:46:13] [INFO    ] [os_agent] 风险评估完成: level=low, blocked=False
[2026-04-21 00:46:13] [INFO    ] [os_agent] 开始执行命令: cat 22.txt
[2026-04-21 00:46:14] [INFO    ] [os_agent] 远程连接 [成功] - 主机: 124.222.119.109:22, 用户: ubuntu
[2026-04-21 00:46:14] [INFO    ] [os_agent] 命令执行 [成功] - 类型: 远程, 命令: cat 22.txt
[2026-04-21 00:46:14] [INFO    ] [os_agent] 命令执行完成: return_code=0, stdout_len=12, stderr_len=0
[2026-04-21 00:46:18] [INFO    ] [os_agent] 用户请求处理完成
[2026-04-21 00:46:18] [INFO    ] [os_agent] 后台处理完成: confirmed=False
