[2026-04-22 15:46:30] [INFO    ] [os_agent] 启动 OS 智能代理应用程序
[2026-04-22 15:46:30] [INFO    ] [os_agent] 已添加 CUDA DLL 路径: C:\Users\yfy25\AppData\Local\Programs\Python\Python314\Lib\site-packages\nvidia\cublas\bin
[2026-04-22 15:46:30] [INFO    ] [os_agent] 已添加 CUDA DLL 路径: C:\Users\yfy25\AppData\Local\Programs\Python\Python314\Lib\site-packages\nvidia\cudnn\bin
[2026-04-22 15:46:30] [INFO    ] [os_agent] 已添加 CUDA DLL 路径: C:\Users\yfy25\AppData\Local\Programs\Python\Python314\Lib\site-packages\nvidia\cuda_nvrtc\bin
[2026-04-22 15:46:30] [INFO    ] [os_agent] Whisper 设备自动模式：优先 CUDA，失败后回退 CPU
[2026-04-22 15:46:32] [INFO    ] [os_agent] 成功加载 10 个对话会话
[2026-04-22 15:46:32] [INFO    ] [os_agent] 开始检测远程连接: 124.222.119.109:22 用户=ubuntu
[2026-04-22 15:46:32] [INFO    ] [os_agent] 远程连接 [成功] - 主机: 124.222.119.109:22, 用户: ubuntu
[2026-04-22 15:46:32] [INFO    ] [os_agent] 命令执行 [成功] - 类型: 远程, 命令: cat /etc/os-release
[2026-04-22 15:46:32] [INFO    ] [os_agent] 远程连接检测结果: 已连接
[2026-04-22 15:46:32] [INFO    ] [os_agent] 远程连接 [成功] - 主机: 124.222.119.109:22, 用户: ubuntu
[2026-04-22 15:46:32] [INFO    ] [os_agent] 聊天窗口初始化完成
[2026-04-22 15:46:41] [INFO    ] [os_agent] 开始后台处理请求: confirmed=False
[2026-04-22 15:46:41] [INFO    ] [os_agent] 处理用户请求: 查看内存
[2026-04-22 15:46:41] [INFO    ] [os_agent] 远程连接 [成功] - 主机: 124.222.119.109:22, 用户: ubuntu
[2026-04-22 15:46:41] [INFO    ] [os_agent] 命令执行 [成功] - 类型: 远程, 命令: cat /etc/os-release
[2026-04-22 15:46:41] [INFO    ] [os_agent] 意图规划完成: intent=memory_check, command=free -h; vmstat 1 3
[2026-04-22 15:46:41] [INFO    ] [os_agent] 风险评估完成: level=low, blocked=False
[2026-04-22 15:46:41] [INFO    ] [os_agent] 开始执行命令: free -h; vmstat 1 3
[2026-04-22 15:46:42] [INFO    ] [os_agent] 远程连接 [成功] - 主机: 124.222.119.109:22, 用户: ubuntu
[2026-04-22 15:46:44] [INFO    ] [os_agent] 命令执行 [成功] - 类型: 远程, 命令: free -h; vmstat 1 3
[2026-04-22 15:46:44] [INFO    ] [os_agent] 命令执行完成: return_code=0, stdout_len=633, stderr_len=0
[2026-04-22 15:46:47] [INFO    ] [os_agent] 用户请求处理完成
[2026-04-22 15:46:47] [INFO    ] [os_agent] 后台处理完成: confirmed=False
[2026-04-22 15:47:10] [INFO    ] [os_agent] 启动 OS 智能代理应用程序
[2026-04-22 15:47:10] [INFO    ] [os_agent] 已添加 CUDA DLL 路径: C:\Users\yfy25\AppData\Local\Programs\Python\Python314\Lib\site-packages\nvidia\cublas\bin
[2026-04-22 15:47:10] [INFO    ] [os_agent] 已添加 CUDA DLL 路径: C:\Users\yfy25\AppData\Local\Programs\Python\Python314\Lib\site-packages\nvidia\cudnn\bin
[2026-04-22 15:47:10] [INFO    ] [os_agent] 已添加 CUDA DLL 路径: C:\Users\yfy25\AppData\Local\Programs\Python\Python314\Lib\site-packages\nvidia\cuda_nvrtc\bin
[2026-04-22 15:47:10] [INFO    ] [os_agent] Whisper 设备自动模式：优先 CUDA，失败后回退 CPU
[2026-04-22 15:47:11] [INFO    ] [os_agent] 成功加载 10 个对话会话
[2026-04-22 15:47:11] [INFO    ] [os_agent] 开始检测远程连接: 124.222.119.109:22 用户=ubuntu
[2026-04-22 15:47:11] [INFO    ] [os_agent] 远程连接 [成功] - 主机: 124.222.119.109:22, 用户: ubuntu
[2026-04-22 15:47:12] [INFO    ] [os_agent] 命令执行 [成功] - 类型: 远程, 命令: cat /etc/os-release
[2026-04-22 15:47:12] [INFO    ] [os_agent] 远程连接检测结果: 已连接
[2026-04-22 15:47:12] [INFO    ] [os_agent] 远程连接 [成功] - 主机: 124.222.119.109:22, 用户: ubuntu
[2026-04-22 15:47:12] [INFO    ] [os_agent] 聊天窗口初始化完成
[2026-04-22 15:47:17] [INFO    ] [os_agent] 开始后台处理请求: confirmed=False
[2026-04-22 15:47:17] [INFO    ] [os_agent] 处理用户请求: 查看内存
[2026-04-22 15:47:18] [INFO    ] [os_agent] 远程连接 [成功] - 主机: 124.222.119.109:22, 用户: ubuntu
[2026-04-22 15:47:18] [INFO    ] [os_agent] 命令执行 [成功] - 类型: 远程, 命令: cat /etc/os-release
[2026-04-22 15:47:18] [INFO    ] [os_agent] 意图规划完成: intent=memory_check, command=free -h; vmstat 1 3
[2026-04-22 15:47:18] [INFO    ] [os_agent] 风险评估完成: level=low, blocked=False
[2026-04-22 15:47:18] [INFO    ] [os_agent] 开始执行命令: free -h; vmstat 1 3
[2026-04-22 15:47:18] [WARNING ] [os_agent] 远程连接第1次失败，将在1.0s后重试: 124.222.119.109:22 - Error reading SSH protocol banner
[2026-04-22 15:47:19] [INFO    ] [os_agent] 远程连接 [成功] - 主机: 124.222.119.109:22, 用户: ubuntu
[2026-04-22 15:47:21] [INFO    ] [os_agent] 命令执行 [成功] - 类型: 远程, 命令: free -h; vmstat 1 3
[2026-04-22 15:47:21] [INFO    ] [os_agent] 命令执行完成: return_code=0, stdout_len=631, stderr_len=0
[2026-04-22 15:47:24] [INFO    ] [os_agent] 用户请求处理完成
[2026-04-22 15:47:24] [INFO    ] [os_agent] 后台处理完成: confirmed=False
[2026-04-22 15:49:42] [INFO    ] [os_agent] 启动 OS 智能代理应用程序
[2026-04-22 15:49:42] [INFO    ] [os_agent] 已添加 CUDA DLL 路径: C:\Users\yfy25\AppData\Local\Programs\Python\Python314\Lib\site-packages\nvidia\cublas\bin
[2026-04-22 15:49:42] [INFO    ] [os_agent] 已添加 CUDA DLL 路径: C:\Users\yfy25\AppData\Local\Programs\Python\Python314\Lib\site-packages\nvidia\cudnn\bin
[2026-04-22 15:49:42] [INFO    ] [os_agent] 已添加 CUDA DLL 路径: C:\Users\yfy25\AppData\Local\Programs\Python\Python314\Lib\site-packages\nvidia\cuda_nvrtc\bin
[2026-04-22 15:49:42] [INFO    ] [os_agent] Whisper 设备自动模式：优先 CUDA，失败后回退 CPU
[2026-04-22 15:49:44] [INFO    ] [os_agent] 成功加载 10 个对话会话
[2026-04-22 15:49:44] [INFO    ] [os_agent] 开始检测远程连接: 124.222.119.109:22 用户=ubuntu
[2026-04-22 15:49:44] [INFO    ] [os_agent] 远程连接 [成功] - 主机: 124.222.119.109:22, 用户: ubuntu
[2026-04-22 15:49:45] [INFO    ] [os_agent] 命令执行 [成功] - 类型: 远程, 命令: cat /etc/os-release
[2026-04-22 15:49:45] [INFO    ] [os_agent] 远程连接检测结果: 已连接
[2026-04-22 15:49:45] [INFO    ] [os_agent] 远程连接 [成功] - 主机: 124.222.119.109:22, 用户: ubuntu
[2026-04-22 15:49:45] [INFO    ] [os_agent] 聊天窗口初始化完成
[2026-04-22 15:49:50] [INFO    ] [os_agent] 开始后台处理请求: confirmed=False
[2026-04-22 15:49:50] [INFO    ] [os_agent] 处理用户请求: 查看内存
[2026-04-22 15:49:50] [INFO    ] [os_agent] 远程连接 [成功] - 主机: 124.222.119.109:22, 用户: ubuntu
[2026-04-22 15:49:50] [INFO    ] [os_agent] 命令执行 [成功] - 类型: 远程, 命令: cat /etc/os-release
[2026-04-22 15:49:50] [INFO    ] [os_agent] 意图规划完成: intent=memory_check, command=free -h; vmstat 1 3
[2026-04-22 15:49:50] [INFO    ] [os_agent] 风险评估完成: level=low, blocked=False
[2026-04-22 15:49:50] [INFO    ] [os_agent] 开始执行命令: free -h; vmstat 1 3
[2026-04-22 15:49:51] [INFO    ] [os_agent] 远程连接 [成功] - 主机: 124.222.119.109:22, 用户: ubuntu
[2026-04-22 15:49:53] [INFO    ] [os_agent] 命令执行 [成功] - 类型: 远程, 命令: free -h; vmstat 1 3
[2026-04-22 15:49:53] [INFO    ] [os_agent] 命令执行完成: return_code=0, stdout_len=631, stderr_len=0
[2026-04-22 15:49:55] [INFO    ] [os_agent] 用户请求处理完成
[2026-04-22 15:49:55] [INFO    ] [os_agent] 后台处理完成: confirmed=False
[2026-04-22 15:51:57] [INFO    ] [os_agent] 启动 OS 智能代理应用程序
[2026-04-22 15:51:57] [INFO    ] [os_agent] 已添加 CUDA DLL 路径: C:\Users\yfy25\AppData\Local\Programs\Python\Python314\Lib\site-packages\nvidia\cublas\bin
[2026-04-22 15:51:57] [INFO    ] [os_agent] 已添加 CUDA DLL 路径: C:\Users\yfy25\AppData\Local\Programs\Python\Python314\Lib\site-packages\nvidia\cudnn\bin
[2026-04-22 15:51:57] [INFO    ] [os_agent] 已添加 CUDA DLL 路径: C:\Users\yfy25\AppData\Local\Programs\Python\Python314\Lib\site-packages\nvidia\cuda_nvrtc\bin
[2026-04-22 15:51:57] [INFO    ] [os_agent] Whisper 设备自动模式：优先 CUDA，失败后回退 CPU
[2026-04-22 15:51:58] [INFO    ] [os_agent] 成功加载 10 个对话会话
[2026-04-22 15:51:58] [INFO    ] [os_agent] 开始检测远程连接: 124.222.119.109:22 用户=ubuntu
[2026-04-22 15:51:59] [INFO    ] [os_agent] 远程连接 [成功] - 主机: 124.222.119.109:22, 用户: ubuntu
[2026-04-22 15:51:59] [INFO    ] [os_agent] 命令执行 [成功] - 类型: 远程, 命令: cat /etc/os-release
[2026-04-22 15:51:59] [INFO    ] [os_agent] 远程连接检测结果: 已连接
[2026-04-22 15:51:59] [INFO    ] [os_agent] 远程连接 [成功] - 主机: 124.222.119.109:22, 用户: ubuntu
[2026-04-22 15:51:59] [INFO    ] [os_agent] 聊天窗口初始化完成
[2026-04-22 15:52:04] [INFO    ] [os_agent] 开始后台处理请求: confirmed=False
[2026-04-22 15:52:04] [INFO    ] [os_agent] 处理用户请求: 查看内存
[2026-04-22 15:52:05] [INFO    ] [os_agent] 远程连接 [成功] - 主机: 124.222.119.109:22, 用户: ubuntu
[2026-04-22 15:52:05] [INFO    ] [os_agent] 命令执行 [成功] - 类型: 远程, 命令: cat /etc/os-release
[2026-04-22 15:52:05] [INFO    ] [os_agent] 意图规划完成: intent=memory_check, command=free -h; vmstat 1 3
[2026-04-22 15:52:05] [INFO    ] [os_agent] 风险评估完成: level=low, blocked=False
[2026-04-22 15:52:05] [INFO    ] [os_agent] 开始执行命令: free -h; vmstat 1 3
[2026-04-22 15:52:05] [INFO    ] [os_agent] 远程连接 [成功] - 主机: 124.222.119.109:22, 用户: ubuntu
[2026-04-22 15:52:07] [INFO    ] [os_agent] 命令执行 [成功] - 类型: 远程, 命令: free -h; vmstat 1 3
[2026-04-22 15:52:07] [INFO    ] [os_agent] 命令执行完成: return_code=0, stdout_len=631, stderr_len=0
[2026-04-22 15:52:11] [INFO    ] [os_agent] 用户请求处理完成
[2026-04-22 15:52:11] [INFO    ] [os_agent] 后台处理完成: confirmed=False
[2026-04-22 15:52:32] [INFO    ] [os_agent] 开始后台处理请求: confirmed=False
[2026-04-22 15:52:32] [INFO    ] [os_agent] 处理用户请求: 查看当前目录下文件
[2026-04-22 15:52:32] [INFO    ] [os_agent] 远程连接 [成功] - 主机: 124.222.119.109:22, 用户: ubuntu
[2026-04-22 15:52:32] [INFO    ] [os_agent] 命令执行 [成功] - 类型: 远程, 命令: cat /etc/os-release
[2026-04-22 15:52:34] [INFO    ] [os_agent] 意图规划完成: intent=generic_shell, command=ls -la
[2026-04-22 15:52:34] [INFO    ] [os_agent] 风险评估完成: level=low, blocked=False
[2026-04-22 15:52:34] [INFO    ] [os_agent] 开始执行命令: ls -la
[2026-04-22 15:52:34] [INFO    ] [os_agent] 远程连接 [成功] - 主机: 124.222.119.109:22, 用户: ubuntu
[2026-04-22 15:52:34] [INFO    ] [os_agent] 命令执行 [成功] - 类型: 远程, 命令: ls -la
[2026-04-22 15:52:34] [INFO    ] [os_agent] 命令执行完成: return_code=0, stdout_len=1176, stderr_len=0
[2026-04-22 15:52:37] [INFO    ] [os_agent] 用户请求处理完成
[2026-04-22 15:52:37] [INFO    ] [os_agent] 后台处理完成: confirmed=False
[2026-04-22 15:52:57] [INFO    ] [os_agent] 开始后台处理请求: confirmed=False
[2026-04-22 15:52:57] [INFO    ] [os_agent] 处理用户请求: 创建A.txt
[2026-04-22 15:52:58] [INFO    ] [os_agent] 远程连接 [成功] - 主机: 124.222.119.109:22, 用户: ubuntu
[2026-04-22 15:52:58] [INFO    ] [os_agent] 命令执行 [成功] - 类型: 远程, 命令: cat /etc/os-release
[2026-04-22 15:52:59] [INFO    ] [os_agent] 意图规划完成: intent=generic_shell, command=echo "This is a sample text." > A.txt
[2026-04-22 15:52:59] [INFO    ] [os_agent] 风险评估完成: level=low, blocked=False
[2026-04-22 15:52:59] [INFO    ] [os_agent] 开始执行命令: echo "This is a sample text." > A.txt
[2026-04-22 15:53:00] [INFO    ] [os_agent] 远程连接 [成功] - 主机: 124.222.119.109:22, 用户: ubuntu
[2026-04-22 15:53:00] [INFO    ] [os_agent] 命令执行 [成功] - 类型: 远程, 命令: echo "This is a sample text." > A.txt
[2026-04-22 15:53:00] [INFO    ] [os_agent] 命令执行完成: return_code=0, stdout_len=0, stderr_len=0
[2026-04-22 15:53:02] [INFO    ] [os_agent] 用户请求处理完成
[2026-04-22 15:53:02] [INFO    ] [os_agent] 后台处理完成: confirmed=False
[2026-04-22 15:53:25] [INFO    ] [os_agent] 开始后台处理请求: confirmed=False
[2026-04-22 15:53:25] [INFO    ] [os_agent] 处理用户请求: 删除你刚刚创建的文件
[2026-04-22 15:53:26] [INFO    ] [os_agent] 远程连接 [成功] - 主机: 124.222.119.109:22, 用户: ubuntu
[2026-04-22 15:53:26] [INFO    ] [os_agent] 命令执行 [成功] - 类型: 远程, 命令: cat /etc/os-release
[2026-04-22 15:53:27] [INFO    ] [os_agent] 意图规划完成: intent=generic_shell, command=rm -f A.txt
[2026-04-22 15:53:27] [INFO    ] [os_agent] 风险评估完成: level=low, blocked=False
[2026-04-22 15:53:27] [INFO    ] [os_agent] 开始执行命令: rm -f A.txt
[2026-04-22 15:53:27] [INFO    ] [os_agent] 远程连接 [成功] - 主机: 124.222.119.109:22, 用户: ubuntu
[2026-04-22 15:53:27] [INFO    ] [os_agent] 命令执行 [成功] - 类型: 远程, 命令: rm -f A.txt
[2026-04-22 15:53:27] [INFO    ] [os_agent] 命令执行完成: return_code=0, stdout_len=0, stderr_len=0
[2026-04-22 15:53:29] [INFO    ] [os_agent] 用户请求处理完成
[2026-04-22 15:53:29] [INFO    ] [os_agent] 后台处理完成: confirmed=False
[2026-04-22 15:53:47] [INFO    ] [os_agent] 开始后台处理请求: confirmed=False
[2026-04-22 15:53:47] [INFO    ] [os_agent] 处理用户请求: 创建A.txt
[2026-04-22 15:53:47] [INFO    ] [os_agent] 远程连接 [成功] - 主机: 124.222.119.109:22, 用户: ubuntu
[2026-04-22 15:53:47] [INFO    ] [os_agent] 命令执行 [成功] - 类型: 远程, 命令: cat /etc/os-release
[2026-04-22 15:53:48] [INFO    ] [os_agent] 意图规划完成: intent=generic_shell, command=echo "" > A.txt
[2026-04-22 15:53:49] [INFO    ] [os_agent] 风险评估完成: level=low, blocked=False
[2026-04-22 15:53:49] [INFO    ] [os_agent] 开始执行命令: echo "" > A.txt
[2026-04-22 15:53:49] [INFO    ] [os_agent] 远程连接 [成功] - 主机: 124.222.119.109:22, 用户: ubuntu
[2026-04-22 15:53:49] [INFO    ] [os_agent] 命令执行 [成功] - 类型: 远程, 命令: echo "" > A.txt
[2026-04-22 15:53:49] [INFO    ] [os_agent] 命令执行完成: return_code=0, stdout_len=0, stderr_len=0
[2026-04-22 15:53:51] [INFO    ] [os_agent] 用户请求处理完成
[2026-04-22 15:53:51] [INFO    ] [os_agent] 后台处理完成: confirmed=False
[2026-04-22 15:53:59] [INFO    ] [os_agent] 开始后台处理请求: confirmed=False
[2026-04-22 15:53:59] [INFO    ] [os_agent] 处理用户请求: 创建ttt.txt
[2026-04-22 15:53:59] [INFO    ] [os_agent] 远程连接 [成功] - 主机: 124.222.119.109:22, 用户: ubuntu
[2026-04-22 15:53:59] [INFO    ] [os_agent] 命令执行 [成功] - 类型: 远程, 命令: cat /etc/os-release
[2026-04-22 15:54:00] [INFO    ] [os_agent] 意图规划完成: intent=generic_shell, command=touch ttt.txt
[2026-04-22 15:54:00] [INFO    ] [os_agent] 风险评估完成: level=low, blocked=False
[2026-04-22 15:54:00] [INFO    ] [os_agent] 开始执行命令: touch ttt.txt
[2026-04-22 15:54:01] [INFO    ] [os_agent] 远程连接 [成功] - 主机: 124.222.119.109:22, 用户: ubuntu
[2026-04-22 15:54:01] [INFO    ] [os_agent] 命令执行 [成功] - 类型: 远程, 命令: touch ttt.txt
[2026-04-22 15:54:01] [INFO    ] [os_agent] 命令执行完成: return_code=0, stdout_len=0, stderr_len=0
[2026-04-22 15:54:03] [INFO    ] [os_agent] 用户请求处理完成
[2026-04-22 15:54:03] [INFO    ] [os_agent] 后台处理完成: confirmed=False
[2026-04-22 15:54:28] [INFO    ] [os_agent] 开始后台处理请求: confirmed=False
[2026-04-22 15:54:28] [INFO    ] [os_agent] 处理用户请求: 把刚刚创建的倒数第二个文件删除
[2026-04-22 15:54:29] [INFO    ] [os_agent] 远程连接 [成功] - 主机: 124.222.119.109:22, 用户: ubuntu
[2026-04-22 15:54:29] [INFO    ] [os_agent] 命令执行 [成功] - 类型: 远程, 命令: cat /etc/os-release
[2026-04-22 15:54:31] [INFO    ] [os_agent] 意图规划完成: intent=generic_shell, command=rm -f "$(ls -t | head -3 | tail -1)"
[2026-04-22 15:54:31] [INFO    ] [os_agent] 风险评估完成: level=low, blocked=False
[2026-04-22 15:54:31] [INFO    ] [os_agent] 开始执行命令: rm -f "$(ls -t | head -3 | tail -1)"
[2026-04-22 15:54:31] [INFO    ] [os_agent] 远程连接 [成功] - 主机: 124.222.119.109:22, 用户: ubuntu
[2026-04-22 15:54:31] [INFO    ] [os_agent] 命令执行 [成功] - 类型: 远程, 命令: rm -f "$(ls -t | head -3 | tail -1)"
[2026-04-22 15:54:31] [INFO    ] [os_agent] 命令执行完成: return_code=0, stdout_len=0, stderr_len=0
[2026-04-22 15:54:33] [INFO    ] [os_agent] 用户请求处理完成
[2026-04-22 15:54:33] [INFO    ] [os_agent] 后台处理完成: confirmed=False
[2026-04-22 16:01:26] [INFO    ] [os_agent] 启动 OS 智能代理应用程序
[2026-04-22 16:01:26] [INFO    ] [os_agent] 已添加 CUDA DLL 路径: C:\Users\yfy25\AppData\Local\Programs\Python\Python314\Lib\site-packages\nvidia\cublas\bin
[2026-04-22 16:01:26] [INFO    ] [os_agent] 已添加 CUDA DLL 路径: C:\Users\yfy25\AppData\Local\Programs\Python\Python314\Lib\site-packages\nvidia\cudnn\bin
[2026-04-22 16:01:26] [INFO    ] [os_agent] 已添加 CUDA DLL 路径: C:\Users\yfy25\AppData\Local\Programs\Python\Python314\Lib\site-packages\nvidia\cuda_nvrtc\bin
[2026-04-22 16:01:26] [INFO    ] [os_agent] Whisper 设备自动模式：优先 CUDA，失败后回退 CPU
[2026-04-22 16:01:28] [INFO    ] [os_agent] 成功加载 10 个对话会话
[2026-04-22 16:01:28] [INFO    ] [os_agent] 开始检测远程连接: 124.222.119.109:22 用户=ubuntu
[2026-04-22 16:01:28] [INFO    ] [os_agent] 远程连接 [成功] - 主机: 124.222.119.109:22, 用户: ubuntu
[2026-04-22 16:01:28] [INFO    ] [os_agent] 命令执行 [成功] - 类型: 远程, 命令: cat /etc/os-release
[2026-04-22 16:01:28] [INFO    ] [os_agent] 远程连接检测结果: 已连接
[2026-04-22 16:01:28] [INFO    ] [os_agent] 远程连接 [成功] - 主机: 124.222.119.109:22, 用户: ubuntu
[2026-04-22 16:01:28] [INFO    ] [os_agent] 聊天窗口初始化完成
[2026-04-22 16:07:09] [INFO    ] [os_agent] 启动 OS 智能代理应用程序
[2026-04-22 16:07:21] [INFO    ] [os_agent] 已添加 CUDA DLL 路径: C:\Users\yfy25\AppData\Local\Programs\Python\Python314\Lib\site-packages\nvidia\cublas\bin
[2026-04-22 16:07:21] [INFO    ] [os_agent] 已添加 CUDA DLL 路径: C:\Users\yfy25\AppData\Local\Programs\Python\Python314\Lib\site-packages\nvidia\cudnn\bin
[2026-04-22 16:07:21] [INFO    ] [os_agent] 已添加 CUDA DLL 路径: C:\Users\yfy25\AppData\Local\Programs\Python\Python314\Lib\site-packages\nvidia\cuda_nvrtc\bin
[2026-04-22 16:07:21] [INFO    ] [os_agent] Whisper 设备自动模式：优先 CUDA，失败后回退 CPU
[2026-04-22 16:07:22] [INFO    ] [os_agent] 成功加载 10 个对话会话
[2026-04-22 16:07:22] [INFO    ] [os_agent] 开始检测远程连接: 124.222.119.109:22 用户=ubuntu
[2026-04-22 16:07:23] [INFO    ] [os_agent] 远程连接 [成功] - 主机: 124.222.119.109:22, 用户: ubuntu
[2026-04-22 16:07:23] [INFO    ] [os_agent] 命令执行 [成功] - 类型: 远程, 命令: cat /etc/os-release
[2026-04-22 16:07:23] [INFO    ] [os_agent] 远程连接检测结果: 已连接
[2026-04-22 16:07:23] [INFO    ] [os_agent] 远程连接 [成功] - 主机: 124.222.119.109:22, 用户: ubuntu
[2026-04-22 16:07:23] [INFO    ] [os_agent] 聊天窗口初始化完成
[2026-04-22 16:07:39] [INFO    ] [os_agent] 开始后台处理请求: confirmed=False
[2026-04-22 16:07:39] [INFO    ] [os_agent] 处理用户请求: 把刚刚创建的文件全部删除
[2026-04-22 16:07:40] [INFO    ] [os_agent] 远程连接 [成功] - 主机: 124.222.119.109:22, 用户: ubuntu
[2026-04-22 16:07:40] [INFO    ] [os_agent] 命令执行 [成功] - 类型: 远程, 命令: cat /etc/os-release
[2026-04-22 16:07:42] [INFO    ] [os_agent] 意图规划完成: intent=generic_shell, command=rm -f *
[2026-04-22 16:07:42] [INFO    ] [os_agent] 风险评估完成: level=low, blocked=False
[2026-04-22 16:07:42] [INFO    ] [os_agent] 开始执行命令: rm -f *
[2026-04-22 16:07:42] [INFO    ] [os_agent] 远程连接 [成功] - 主机: 124.222.119.109:22, 用户: ubuntu
[2026-04-22 16:07:42] [WARNING ] [os_agent] 命令执行 [失败] - 类型: 远程, 命令: rm -f *, 返回码: 1, 错误: rm: cannot remove 'compressed_folder': Is a directory
rm: cannot remove '文件夹TEST': Is a directory

[2026-04-22 16:07:42] [INFO    ] [os_agent] 命令执行完成: return_code=1, stdout_len=0, stderr_len=98
[2026-04-22 16:07:45] [INFO    ] [os_agent] 用户请求处理完成
[2026-04-22 16:07:45] [INFO    ] [os_agent] 后台处理完成: confirmed=False
[2026-04-22 16:53:34] [INFO    ] [os_agent] 启动 OS 智能代理应用程序
[2026-04-22 16:53:43] [INFO    ] [os_agent] 已添加 CUDA DLL 路径: C:\Users\yfy25\AppData\Local\Programs\Python\Python314\Lib\site-packages\nvidia\cublas\bin
[2026-04-22 16:53:43] [INFO    ] [os_agent] 已添加 CUDA DLL 路径: C:\Users\yfy25\AppData\Local\Programs\Python\Python314\Lib\site-packages\nvidia\cudnn\bin
[2026-04-22 16:53:43] [INFO    ] [os_agent] 已添加 CUDA DLL 路径: C:\Users\yfy25\AppData\Local\Programs\Python\Python314\Lib\site-packages\nvidia\cuda_nvrtc\bin
[2026-04-22 16:53:43] [INFO    ] [os_agent] Whisper 设备自动模式：优先 CUDA，失败后回退 CPU
[2026-04-22 16:53:44] [ERROR   ] [os_agent] 加载对话失败: Expecting value: line 1 column 1 (char 0)
Traceback (most recent call last):
  File "c:\Users\yfy25\Desktop\test\linuxHelper4221550\src\os_agent\ui\pyqt_chat.py", line 400, in _load_conversations
    data = json.load(f)
  File "C:\Users\yfy25\AppData\Local\Programs\Python\Python314\Lib\json\__init__.py", line 293, in load
    return loads(fp.read(),
        cls=cls, object_hook=object_hook,
        parse_float=parse_float, parse_int=parse_int,
        parse_constant=parse_constant, object_pairs_hook=object_pairs_hook, **kw)
  File "C:\Users\yfy25\AppData\Local\Programs\Python\Python314\Lib\json\__init__.py", line 346, in loads
    return _default_decoder.decode(s)
           ~~~~~~~~~~~~~~~~~~~~~~~^^^
  File "C:\Users\yfy25\AppData\Local\Programs\Python\Python314\Lib\json\decoder.py", line 345, in decode
    obj, end = self.raw_decode(s, idx=_w(s, 0).end())
               ~~~~~~~~~~~~~~~^^^^^^^^^^^^^^^^^^^^^^^
  File "C:\Users\yfy25\AppData\Local\Programs\Python\Python314\Lib\json\decoder.py", line 363, in raw_decode
    raise JSONDecodeError("Expecting value", s, err.value) from None
json.decoder.JSONDecodeError: Expecting value: line 1 column 1 (char 0)
[2026-04-22 16:53:44] [INFO    ] [os_agent] 开始检测远程连接: 124.222.119.109:22 用户=ubuntu
[2026-04-22 16:53:44] [WARNING ] [os_agent] 远程连接第1次失败，将在1.0s后重试: 124.222.119.109:22 - Error reading SSH protocol banner
[2026-04-22 16:53:45] [INFO    ] [os_agent] 远程连接 [成功] - 主机: 124.222.119.109:22, 用户: ubuntu
[2026-04-22 16:53:46] [INFO    ] [os_agent] 命令执行 [成功] - 类型: 远程, 命令: cat /etc/os-release
[2026-04-22 16:53:46] [INFO    ] [os_agent] 远程连接检测结果: 已连接
[2026-04-22 16:53:46] [INFO    ] [os_agent] 远程连接 [成功] - 主机: 124.222.119.109:22, 用户: ubuntu
[2026-04-22 16:53:46] [INFO    ] [os_agent] 聊天窗口初始化完成
[2026-04-22 16:54:42] [INFO    ] [os_agent] 启动 OS 智能代理应用程序
[2026-04-22 16:54:44] [INFO    ] [os_agent] 已添加 CUDA DLL 路径: C:\Users\yfy25\AppData\Local\Programs\Python\Python314\Lib\site-packages\nvidia\cublas\bin
[2026-04-22 16:54:44] [INFO    ] [os_agent] 已添加 CUDA DLL 路径: C:\Users\yfy25\AppData\Local\Programs\Python\Python314\Lib\site-packages\nvidia\cudnn\bin
[2026-04-22 16:54:44] [INFO    ] [os_agent] 已添加 CUDA DLL 路径: C:\Users\yfy25\AppData\Local\Programs\Python\Python314\Lib\site-packages\nvidia\cuda_nvrtc\bin
[2026-04-22 16:54:44] [INFO    ] [os_agent] Whisper 设备自动模式：优先 CUDA，失败后回退 CPU
[2026-04-22 16:54:44] [ERROR   ] [os_agent] 加载对话失败: Expecting value: line 1 column 1 (char 0)
Traceback (most recent call last):
  File "c:\Users\yfy25\Desktop\test\linuxHelper4221550\src\os_agent\ui\pyqt_chat.py", line 400, in _load_conversations
    data = json.load(f)
  File "C:\Users\yfy25\AppData\Local\Programs\Python\Python314\Lib\json\__init__.py", line 293, in load
    return loads(fp.read(),
        cls=cls, object_hook=object_hook,
        parse_float=parse_float, parse_int=parse_int,
        parse_constant=parse_constant, object_pairs_hook=object_pairs_hook, **kw)
  File "C:\Users\yfy25\AppData\Local\Programs\Python\Python314\Lib\json\__init__.py", line 346, in loads
    return _default_decoder.decode(s)
           ~~~~~~~~~~~~~~~~~~~~~~~^^^
  File "C:\Users\yfy25\AppData\Local\Programs\Python\Python314\Lib\json\decoder.py", line 345, in decode
    obj, end = self.raw_decode(s, idx=_w(s, 0).end())
               ~~~~~~~~~~~~~~~^^^^^^^^^^^^^^^^^^^^^^^
  File "C:\Users\yfy25\AppData\Local\Programs\Python\Python314\Lib\json\decoder.py", line 363, in raw_decode
    raise JSONDecodeError("Expecting value", s, err.value) from None
json.decoder.JSONDecodeError: Expecting value: line 1 column 1 (char 0)
[2026-04-22 16:54:44] [INFO    ] [os_agent] 开始检测远程连接: 124.222.119.109:22 用户=ubuntu
[2026-04-22 16:54:45] [WARNING ] [os_agent] 远程连接第1次失败，将在1.0s后重试: 124.222.119.109:22 - Error reading SSH protocol banner
[2026-04-22 16:54:46] [WARNING ] [os_agent] 远程连接第2次失败，将在2.0s后重试: 124.222.119.109:22 - Error reading SSH protocol banner
[2026-04-22 16:54:48] [INFO    ] [os_agent] 远程连接 [成功] - 主机: 124.222.119.109:22, 用户: ubuntu
[2026-04-22 16:54:48] [INFO    ] [os_agent] 命令执行 [成功] - 类型: 远程, 命令: cat /etc/os-release
[2026-04-22 16:54:48] [INFO    ] [os_agent] 远程连接检测结果: 已连接
[2026-04-22 16:54:48] [INFO    ] [os_agent] 远程连接 [成功] - 主机: 124.222.119.109:22, 用户: ubuntu
[2026-04-22 16:54:48] [INFO    ] [os_agent] 聊天窗口初始化完成
[2026-04-22 16:55:05] [INFO    ] [os_agent] 开始后台处理请求: confirmed=False
[2026-04-22 16:55:05] [INFO    ] [os_agent] 处理用户请求: 你好
[2026-04-22 16:55:05] [INFO    ] [os_agent] 后台处理完成: confirmed=False
[2026-04-22 16:55:10] [INFO    ] [os_agent] 启动 OS 智能代理应用程序
[2026-04-22 16:55:11] [INFO    ] [os_agent] 已添加 CUDA DLL 路径: C:\Users\yfy25\AppData\Local\Programs\Python\Python314\Lib\site-packages\nvidia\cublas\bin
[2026-04-22 16:55:11] [INFO    ] [os_agent] 已添加 CUDA DLL 路径: C:\Users\yfy25\AppData\Local\Programs\Python\Python314\Lib\site-packages\nvidia\cudnn\bin
[2026-04-22 16:55:11] [INFO    ] [os_agent] 已添加 CUDA DLL 路径: C:\Users\yfy25\AppData\Local\Programs\Python\Python314\Lib\site-packages\nvidia\cuda_nvrtc\bin
[2026-04-22 16:55:11] [INFO    ] [os_agent] Whisper 设备自动模式：优先 CUDA，失败后回退 CPU
[2026-04-22 16:55:12] [INFO    ] [os_agent] 成功加载 2 个对话会话
[2026-04-22 16:55:12] [INFO    ] [os_agent] 开始检测远程连接: 124.222.119.109:22 用户=ubuntu
[2026-04-22 16:55:12] [INFO    ] [os_agent] 远程连接 [成功] - 主机: 124.222.119.109:22, 用户: ubuntu
[2026-04-22 16:55:12] [INFO    ] [os_agent] 命令执行 [成功] - 类型: 远程, 命令: cat /etc/os-release
[2026-04-22 16:55:12] [INFO    ] [os_agent] 远程连接检测结果: 已连接
[2026-04-22 16:55:12] [INFO    ] [os_agent] 远程连接 [成功] - 主机: 124.222.119.109:22, 用户: ubuntu
[2026-04-22 16:55:12] [INFO    ] [os_agent] 聊天窗口初始化完成
[2026-04-22 16:55:16] [INFO    ] [os_agent] 开始后台处理请求: confirmed=False
[2026-04-22 16:55:16] [INFO    ] [os_agent] 处理用户请求: 你好
[2026-04-22 16:55:16] [INFO    ] [os_agent] 后台处理完成: confirmed=False
[2026-04-22 16:55:31] [INFO    ] [os_agent] 开始后台处理请求: confirmed=False
[2026-04-22 16:55:31] [INFO    ] [os_agent] 处理用户请求: 创建111.txt
[2026-04-22 16:55:32] [INFO    ] [os_agent] 远程连接 [成功] - 主机: 124.222.119.109:22, 用户: ubuntu
[2026-04-22 16:55:32] [INFO    ] [os_agent] 命令执行 [成功] - 类型: 远程, 命令: cat /etc/os-release
[2026-04-22 16:55:33] [INFO    ] [os_agent] 意图规划完成: intent=generic_shell, command=echo > 111.txt
[2026-04-22 16:55:33] [INFO    ] [os_agent] 风险评估完成: level=low, blocked=False
[2026-04-22 16:55:33] [INFO    ] [os_agent] 开始执行命令: echo > 111.txt
[2026-04-22 16:55:33] [INFO    ] [os_agent] 远程连接 [成功] - 主机: 124.222.119.109:22, 用户: ubuntu
[2026-04-22 16:55:33] [INFO    ] [os_agent] 命令执行 [成功] - 类型: 远程, 命令: echo > 111.txt
[2026-04-22 16:55:33] [INFO    ] [os_agent] 命令执行完成: return_code=0, stdout_len=0, stderr_len=0
[2026-04-22 16:55:35] [INFO    ] [os_agent] 用户请求处理完成
[2026-04-22 16:55:35] [INFO    ] [os_agent] 后台处理完成: confirmed=False
[2026-04-22 16:55:45] [INFO    ] [os_agent] 开始后台处理请求: confirmed=False
[2026-04-22 16:55:45] [INFO    ] [os_agent] 处理用户请求: 创建2222.txt
[2026-04-22 16:55:45] [INFO    ] [os_agent] 远程连接 [成功] - 主机: 124.222.119.109:22, 用户: ubuntu
[2026-04-22 16:55:45] [INFO    ] [os_agent] 命令执行 [成功] - 类型: 远程, 命令: cat /etc/os-release
[2026-04-22 16:55:46] [INFO    ] [os_agent] 意图规划完成: intent=generic_shell, command=echo > 2222.txt
[2026-04-22 16:55:46] [INFO    ] [os_agent] 风险评估完成: level=low, blocked=False
[2026-04-22 16:55:46] [INFO    ] [os_agent] 开始执行命令: echo > 2222.txt
[2026-04-22 16:55:47] [INFO    ] [os_agent] 远程连接 [成功] - 主机: 124.222.119.109:22, 用户: ubuntu
[2026-04-22 16:55:47] [INFO    ] [os_agent] 命令执行 [成功] - 类型: 远程, 命令: echo > 2222.txt
[2026-04-22 16:55:47] [INFO    ] [os_agent] 命令执行完成: return_code=0, stdout_len=0, stderr_len=0
[2026-04-22 16:55:49] [INFO    ] [os_agent] 用户请求处理完成
[2026-04-22 16:55:49] [INFO    ] [os_agent] 后台处理完成: confirmed=False
[2026-04-22 16:56:11] [INFO    ] [os_agent] 开始后台处理请求: confirmed=False
[2026-04-22 16:56:11] [INFO    ] [os_agent] 处理用户请求: 删除刚刚创建的倒数第二个文件
[2026-04-22 16:56:12] [INFO    ] [os_agent] 远程连接 [成功] - 主机: 124.222.119.109:22, 用户: ubuntu
[2026-04-22 16:56:12] [INFO    ] [os_agent] 命令执行 [成功] - 类型: 远程, 命令: cat /etc/os-release
[2026-04-22 16:56:13] [INFO    ] [os_agent] 意图规划完成: intent=generic_shell, command=rm "$(ls -1t | head -2 | tail -1)"
[2026-04-22 16:56:13] [INFO    ] [os_agent] 风险评估完成: level=low, blocked=False
[2026-04-22 16:56:13] [INFO    ] [os_agent] 开始执行命令: rm "$(ls -1t | head -2 | tail -1)"
[2026-04-22 16:56:14] [INFO    ] [os_agent] 远程连接 [成功] - 主机: 124.222.119.109:22, 用户: ubuntu
[2026-04-22 16:56:14] [INFO    ] [os_agent] 命令执行 [成功] - 类型: 远程, 命令: rm "$(ls -1t | head -2 | tail -1)"
[2026-04-22 16:56:14] [INFO    ] [os_agent] 命令执行完成: return_code=0, stdout_len=0, stderr_len=0
[2026-04-22 16:56:16] [INFO    ] [os_agent] 用户请求处理完成
[2026-04-22 16:56:16] [INFO    ] [os_agent] 后台处理完成: confirmed=False
[2026-04-22 16:56:34] [INFO    ] [os_agent] 开始后台处理请求: confirmed=False
[2026-04-22 16:56:34] [INFO    ] [os_agent] 处理用户请求: 查看当前路径下的文件
[2026-04-22 16:56:35] [INFO    ] [os_agent] 远程连接 [成功] - 主机: 124.222.119.109:22, 用户: ubuntu
[2026-04-22 16:56:35] [INFO    ] [os_agent] 命令执行 [成功] - 类型: 远程, 命令: cat /etc/os-release
[2026-04-22 16:56:36] [INFO    ] [os_agent] 意图规划完成: intent=generic_shell, command=ls -la
[2026-04-22 16:56:36] [INFO    ] [os_agent] 风险评估完成: level=low, blocked=False
[2026-04-22 16:56:36] [INFO    ] [os_agent] 开始执行命令: ls -la
[2026-04-22 16:56:36] [INFO    ] [os_agent] 远程连接 [成功] - 主机: 124.222.119.109:22, 用户: ubuntu
[2026-04-22 16:56:36] [INFO    ] [os_agent] 命令执行 [成功] - 类型: 远程, 命令: ls -la
[2026-04-22 16:56:36] [INFO    ] [os_agent] 命令执行完成: return_code=0, stdout_len=757, stderr_len=0
[2026-04-22 16:56:39] [INFO    ] [os_agent] 用户请求处理完成
[2026-04-22 16:56:39] [INFO    ] [os_agent] 后台处理完成: confirmed=False
[2026-04-22 16:59:35] [INFO    ] [os_agent] 启动 OS 智能代理应用程序
[2026-04-22 16:59:37] [INFO    ] [os_agent] 已添加 CUDA DLL 路径: C:\Users\yfy25\AppData\Local\Programs\Python\Python314\Lib\site-packages\nvidia\cublas\bin
[2026-04-22 16:59:37] [INFO    ] [os_agent] 已添加 CUDA DLL 路径: C:\Users\yfy25\AppData\Local\Programs\Python\Python314\Lib\site-packages\nvidia\cudnn\bin
[2026-04-22 16:59:37] [INFO    ] [os_agent] 已添加 CUDA DLL 路径: C:\Users\yfy25\AppData\Local\Programs\Python\Python314\Lib\site-packages\nvidia\cuda_nvrtc\bin
[2026-04-22 16:59:37] [INFO    ] [os_agent] Whisper 设备自动模式：优先 CUDA，失败后回退 CPU
[2026-04-22 16:59:37] [INFO    ] [os_agent] 成功加载 2 个对话会话
[2026-04-22 16:59:37] [INFO    ] [os_agent] 开始检测远程连接: 124.222.119.109:22 用户=ubuntu
[2026-04-22 16:59:37] [INFO    ] [os_agent] 远程连接 [成功] - 主机: 124.222.119.109:22, 用户: ubuntu
[2026-04-22 16:59:38] [INFO    ] [os_agent] 命令执行 [成功] - 类型: 远程, 命令: cat /etc/os-release
[2026-04-22 16:59:38] [INFO    ] [os_agent] 远程连接检测结果: 已连接
[2026-04-22 16:59:38] [INFO    ] [os_agent] 远程连接 [成功] - 主机: 124.222.119.109:22, 用户: ubuntu
[2026-04-22 16:59:38] [INFO    ] [os_agent] 聊天窗口初始化完成
[2026-04-22 17:13:49] [INFO    ] [os_agent] 启动 OS 智能代理应用程序
[2026-04-22 17:13:51] [INFO    ] [os_agent] 已添加 CUDA DLL 路径: C:\Users\yfy25\AppData\Local\Programs\Python\Python314\Lib\site-packages\nvidia\cublas\bin
[2026-04-22 17:13:51] [INFO    ] [os_agent] 已添加 CUDA DLL 路径: C:\Users\yfy25\AppData\Local\Programs\Python\Python314\Lib\site-packages\nvidia\cudnn\bin
[2026-04-22 17:13:51] [INFO    ] [os_agent] 已添加 CUDA DLL 路径: C:\Users\yfy25\AppData\Local\Programs\Python\Python314\Lib\site-packages\nvidia\cuda_nvrtc\bin
[2026-04-22 17:13:51] [INFO    ] [os_agent] Whisper 设备自动模式：优先 CUDA，失败后回退 CPU
[2026-04-22 17:13:52] [INFO    ] [os_agent] 成功加载 2 个对话会话
[2026-04-22 17:13:52] [INFO    ] [os_agent] 开始检测远程连接: 124.222.119.109:22 用户=ubuntu
[2026-04-22 17:13:52] [INFO    ] [os_agent] 远程连接 [成功] - 主机: 124.222.119.109:22, 用户: ubuntu
[2026-04-22 17:13:52] [INFO    ] [os_agent] 命令执行 [成功] - 类型: 远程, 命令: cat /etc/os-release
[2026-04-22 17:13:52] [INFO    ] [os_agent] 远程连接检测结果: 已连接
[2026-04-22 17:13:52] [INFO    ] [os_agent] 远程连接 [成功] - 主机: 124.222.119.109:22, 用户: ubuntu
[2026-04-22 17:13:52] [INFO    ] [os_agent] 聊天窗口初始化完成
[2026-04-22 17:23:10] [INFO    ] [os_agent] 启动 OS 智能代理应用程序
[2026-04-22 17:23:14] [INFO    ] [os_agent] 已添加 CUDA DLL 路径: C:\Users\yfy25\AppData\Local\Programs\Python\Python314\Lib\site-packages\nvidia\cublas\bin
[2026-04-22 17:23:14] [INFO    ] [os_agent] 已添加 CUDA DLL 路径: C:\Users\yfy25\AppData\Local\Programs\Python\Python314\Lib\site-packages\nvidia\cudnn\bin
[2026-04-22 17:23:14] [INFO    ] [os_agent] 已添加 CUDA DLL 路径: C:\Users\yfy25\AppData\Local\Programs\Python\Python314\Lib\site-packages\nvidia\cuda_nvrtc\bin
[2026-04-22 17:23:14] [INFO    ] [os_agent] Whisper 设备自动模式：优先 CUDA，失败后回退 CPU
[2026-04-22 17:23:14] [INFO    ] [os_agent] 成功加载 3 个对话会话
[2026-04-22 17:23:14] [INFO    ] [os_agent] 开始检测远程连接: 124.222.119.109:22 用户=ubuntu
[2026-04-22 17:23:14] [INFO    ] [os_agent] 远程连接 [成功] - 主机: 124.222.119.109:22, 用户: ubuntu
[2026-04-22 17:23:15] [INFO    ] [os_agent] 命令执行 [成功] - 类型: 远程, 命令: cat /etc/os-release
[2026-04-22 17:23:15] [INFO    ] [os_agent] 远程连接检测结果: 已连接
[2026-04-22 17:23:15] [INFO    ] [os_agent] 远程连接 [成功] - 主机: 124.222.119.109:22, 用户: ubuntu
[2026-04-22 17:23:15] [INFO    ] [os_agent] 聊天窗口初始化完成
[2026-04-22 17:40:41] [INFO    ] [os_agent] 启动 OS 智能代理应用程序
[2026-04-22 17:40:43] [INFO    ] [os_agent] 已添加 CUDA DLL 路径: C:\Users\yfy25\AppData\Local\Programs\Python\Python314\Lib\site-packages\nvidia\cublas\bin
[2026-04-22 17:40:43] [INFO    ] [os_agent] 已添加 CUDA DLL 路径: C:\Users\yfy25\AppData\Local\Programs\Python\Python314\Lib\site-packages\nvidia\cudnn\bin
[2026-04-22 17:40:43] [INFO    ] [os_agent] 已添加 CUDA DLL 路径: C:\Users\yfy25\AppData\Local\Programs\Python\Python314\Lib\site-packages\nvidia\cuda_nvrtc\bin
[2026-04-22 17:40:43] [INFO    ] [os_agent] Whisper 设备自动模式：优先 CUDA，失败后回退 CPU
[2026-04-22 17:40:43] [INFO    ] [os_agent] 未发现对话历史文件，已初始化默认会话
[2026-04-22 17:40:43] [INFO    ] [os_agent] 开始检测远程连接: 124.222.119.109:22 用户=ubuntu
[2026-04-22 17:40:43] [INFO    ] [os_agent] 远程连接 [成功] - 主机: 124.222.119.109:22, 用户: ubuntu
[2026-04-22 17:40:44] [INFO    ] [os_agent] 命令执行 [成功] - 类型: 远程, 命令: cat /etc/os-release
[2026-04-22 17:40:44] [INFO    ] [os_agent] 远程连接检测结果: 已连接
[2026-04-22 17:40:44] [INFO    ] [os_agent] 远程连接 [成功] - 主机: 124.222.119.109:22, 用户: ubuntu
[2026-04-22 17:40:44] [INFO    ] [os_agent] 聊天窗口初始化完成
